<?xml version="1.0" encoding="UTF-8"?>
<!-- Generated by org.testng.reporters.JUnitReportReporter -->
<testsuite hostname="ATMECSBLRLT-196" failures="0" tests="1" name="SortTableData.SortTableData" time="16.865" errors="0" timestamp="2023-01-26T15:38:52 GMT+05:30" skipped="0">
  <testcase classname="SortTableData.SortTableData" name="sortTabData" time="16.865"/>
  <system-out/>
</testsuite> <!-- SortTableData.SortTableData -->
